ipay/build/intermediates/manifest_merge_blame_file/debug/manifest-merger-blame-debug-report.txt
1<?xml version="1.0" encoding="utf-8"?>
2<manifest xmlns:android="http://schemas.android.com/apk/res/android"
3    package="com.ipay.ipayClass"
4    android:versionCode="1"
5    android:versionName="1.0" >
6
7    <uses-sdk
8        android:minSdkVersion="17"
8-->src/main/AndroidManifest.xml
9        android:targetSdkVersion="28" />
9-->src/main/AndroidManifest.xml
10
11    <uses-permission android:name="android.permission.INTERNET" />
11-->src/main/AndroidManifest.xml:5:5-67
11-->src/main/AndroidManifest.xml:5:22-64
12
13    <application>
13-->src/main/AndroidManifest.xml:7:5-12:19
14        <activity
14-->src/main/AndroidManifest.xml:8:9-11:68
15            android:name="com.ipay.ipayClass.CardActivity"
15-->src/main/AndroidManifest.xml:9:13-59
16            android:label="@string/title_activity_card"
16-->src/main/AndroidManifest.xml:10:13-56
17            android:theme="@style/AppTheme.NoActionBar" />
17-->src/main/AndroidManifest.xml:11:13-56
18    </application>
19
20</manifest>